<?xml version="1.0" encoding="UTF-8"?>
<!-- Generated by org.testng.reporters.JUnitXMLReporter -->
<testsuite ignored="0" hostname="Kishorekumarkuppuswamy-mac.local" failures="0" tests="5" name="LoginValidation" time="35.456" errors="0" timestamp="24 May 2021 08:29:41 GMT">
  <testcase classname="com.mitigram.tests.LoginTests" name="loginValidation" time="2.845"/>
  <testcase classname="com.mitigram.tests.CareersTests" name="verifyErrorValidaitonForm" time="4.073"/>
  <testcase classname="com.mitigram.tests.LoginTests" name="verifyForgotPasswordRedirection" time="1.48"/>
  <testcase classname="com.mitigram.tests.CareersTests" name="verifyUploadresume" time="5.046"/>
  <testcase classname="com.mitigram.tests.LoginTests" name="verifyContactUsLinkRedirection" time="2.502"/>
</testsuite> <!-- LoginValidation -->
