<?xml version="1.0" encoding="UTF-8"?>
<!-- Generated by org.testng.reporters.JUnitXMLReporter -->
<testsuite ignored="0" hostname="Kishorekumarkuppuswamy-mac.local" failures="0" tests="3" name="Default test" time="14.834" errors="0" timestamp="24 May 2021 04:11:29 GMT">
  <testcase classname="com.mitigram.tests.LoginTests" name="loginValidation" time="2.773"/>
  <testcase classname="com.mitigram.tests.LoginTests" name="verifyContactUsLinkRedirection" time="2.131"/>
  <testcase classname="com.mitigram.tests.LoginTests" name="verifyForgotPasswordRedirection" time="1.309"/>
</testsuite> <!-- Default test -->
