<?xml version="1.0" encoding="UTF-8"?>
<testsuite xmlns:xsi="http://www.w3.org/2001/XMLSchema-instance" xsi:noNamespaceSchemaLocation="https://maven.apache.org/surefire/maven-surefire-plugin/xsd/surefire-test-report-3.0.xsd" version="3.0" name="TestSuite" time="35.781" tests="5" errors="0" skipped="0" failures="0">
  <properties>
[...]
</properties>
  <testcase name="loginValidation" classname="com.mitigram.tests.LoginTests" time="2.83">
    <system-err><![CDATA[Starting ChromeDriver 90.0.4430.24 (4c6d850f087da467d926e8eddb76550aed655991-refs/branch-heads/4430@{#429}) on port 47692
Only local connections are allowed.
Please see https://chromedriver.chromium.org/security-considera[ti1on6s 2f1or8 s4ug4g9e4st6i.on47s2 o]n [kWeeApRinNgI CNhGro]m:eD rFivroemSroc kAsddarf ef.ai
led on netmaCshkr
o[m1e6D2r1i8v4e4r9 4w6a.s4 7s2t][aWrAtRedN sIuNcGc]es:s fFurlolmyS.oc
kAddr failed on netmask
May 24, 2021 10:29:08 AM org.openqa.selenium.remote.ProtocolHandshake createSession
INFO: Detected dialect: W3C
]]></system-err>
  </testcase>
  <testcase name="verifyForgotPasswordRedirection" classname="com.mitigram.tests.LoginTests" time="1.473">
    <system-err><![CDATA[Starting ChromeDriver 90.0.4430.24 (4c6d850f087da467d926e8eddb76550aed655991-refs/branch-heads/4430@{#429}) on port 1138
Only local connections are allowed.
Please see https://chromedriver.chromium.org/security-considerations for suggestions on keeping ChromeDriver safe.
[1621844961.752][WARNING]: FromSockAddr failed on netmask
[1621844961.752][WARNING]: FromSockAddr failed on netmask
ChromeDriver was started successfully.
May 24, 2021 10:29:22 AM org.openqa.selenium.remote.ProtocolHandshake createSession
INFO: Detected dialect: W3C
]]></system-err>
  </testcase>
  <testcase name="verifyContactUsLinkRedirection" classname="com.mitigram.tests.LoginTests" time="2.498">
    <system-err><![CDATA[Starting ChromeDriver 90.0.4430.24 (4c6d850f087da467d926e8eddb76550aed655991-refs/branch-heads/4430@{#429}) on port 48331
Only local connections are allowed.
Please see https://chromedriver.chromium.org/security-considerations for suggestions on keeping ChromeDriver safe.
[1621844975.391][WARNING]: FromSockAddr failed on netmask
[1621844975.391][WARNING]: FromSockAddr failed on netmask
ChromeDriver was started successfully.
May 24, 2021 10:29:36 AM org.openqa.selenium.remote.ProtocolHandshake createSession
INFO: Detected dialect: W3C
]]></system-err>
  </testcase>
  <testcase name="verifyErrorValidaitonForm" classname="com.mitigram.tests.CareersTests" time="4.05">
    <system-err><![CDATA[Starting ChromeDriver 90.0.4430.24 (4c6d850f087da467d926e8eddb76550aed655991-refs/branch-heads/4430@{#429}) on port 10008
Only local connections are allowed.
Please see https://chromedriver.chromium.org/security-considerations for suggestions on keeping ChromeDriver safe.
[1621844954.028][WARNING]: FromSockAddr failed on netmask
[1621844954.028][WARNING]: FromSockAddr failed on neCthmraosmk
eDriver was started successfully.
May 24, 2021 10:29:14 AM org.openqa.selenium.remote.ProtocolHandshake createSession
INFO: Detected dialect: W3C
]]></system-err>
  </testcase>
  <testcase name="verifyUploadresume" classname="com.mitigram.tests.CareersTests" time="5.042">
    <system-err><![CDATA[Starting ChromeDriver 90.0.4430.24 (4c6d850f087da467d926e8eddb76550aed655991-refs/branch-heads/4430@{#429}) on port 14451
Only local connections are allowed.
Please see https://chromedriver.chromium.org/security-considerations for suggestions on keeping ChromeDriver safe.
[1621844966.792][WARNING]: FromSockAddr failed on netmask
[1621844966.792][WARNING]: FromSockAddr failed on CnhertommaesDkr
iver was started successfully.
May 24, 2021 10:29:27 AM org.openqa.selenium.remote.ProtocolHandshake createSession
INFO: Detected dialect: W3C
]]></system-err>
  </testcase>
</testsuite>